{"/Users/feiwu/code/github/mini-observer/src/index.ts": {"path":"/Users/feiwu/code/github/mini-observer/src/index.ts","statementMap":{"0":{"start":{"line":1,"column":0},"end":{"line":1,"column":26}},"1":{"start":{"line":2,"column":0},"end":{"line":2,"column":null}},"2":{"start":{"line":16,"column":46},"end":{"line":16,"column":55}},"3":{"start":{"line":18,"column":22},"end":{"line":18,"column":60}},"4":{"start":{"line":26,"column":41},"end":{"line":26,"column":65}},"5":{"start":{"line":27,"column":4},"end":{"line":27,"column":50}},"6":{"start":{"line":33,"column":4},"end":{"line":33,"column":48}},"7":{"start":{"line":34,"column":4},"end":{"line":36,"column":6}},"8":{"start":{"line":35,"column":25},"end":{"line":35,"column":53}},"9":{"start":{"line":45,"column":17},"end":{"line":45,"column":21}},"10":{"start":{"line":47,"column":29},"end":{"line":57,"column":10}},"11":{"start":{"line":59,"column":4},"end":{"line":59,"column":40}},"12":{"start":{"line":70,"column":4},"end":{"line":81,"column":6}},"13":{"start":{"line":71,"column":29},"end":{"line":71,"column":33}},"14":{"start":{"line":72,"column":6},"end":{"line":74,"column":null}},"15":{"start":{"line":73,"column":8},"end":{"line":73,"column":15}},"16":{"start":{"line":76,"column":6},"end":{"line":76,"column":17}},"17":{"start":{"line":78,"column":6},"end":{"line":80,"column":null}},"18":{"start":{"line":79,"column":8},"end":{"line":79,"column":32}},"19":{"start":{"line":85,"column":0},"end":{"line":85,"column":26}}},"fnMap":{"0":{"name":"(anonymous_0)","decl":{"start":{"line":18,"column":2},"end":{"line":18,"column":22}},"loc":{"start":{"line":18,"column":60},"end":{"line":18,"column":64}}},"1":{"name":"(anonymous_1)","decl":{"start":{"line":25,"column":2},"end":{"line":25,"column":11}},"loc":{"start":{"line":25,"column":44},"end":{"line":37,"column":3}}},"2":{"name":"(anonymous_2)","decl":{"start":{"line":35,"column":19},"end":{"line":35,"column":22}},"loc":{"start":{"line":35,"column":25},"end":{"line":35,"column":53}}},"3":{"name":"(anonymous_3)","decl":{"start":{"line":43,"column":2},"end":{"line":43,"column":11}},"loc":{"start":{"line":43,"column":20},"end":{"line":60,"column":3}}},"4":{"name":"(anonymous_4)","decl":{"start":{"line":50,"column":44},"end":{"line":50,"column":47}},"loc":{"start":{"line":50,"column":49},"end":{"line":50,"column":52}}},"5":{"name":"(anonymous_5)","decl":{"start":{"line":51,"column":41},"end":{"line":51,"column":44}},"loc":{"start":{"line":51,"column":46},"end":{"line":51,"column":49}}},"6":{"name":"(anonymous_6)","decl":{"start":{"line":69,"column":2},"end":{"line":69,"column":14}},"loc":{"start":{"line":69,"column":62},"end":{"line":82,"column":3}}},"7":{"name":"(anonymous_7)","decl":{"start":{"line":70,"column":11},"end":{"line":70,"column":12}},"loc":{"start":{"line":70,"column":30},"end":{"line":81,"column":5}}}},"branchMap":{"0":{"loc":{"start":{"line":47,"column":29},"end":{"line":57,"column":10}},"type":"cond-expr","locations":[{"start":{"line":48,"column":8},"end":{"line":52,"column":null}},{"start":{"line":53,"column":8},"end":{"line":57,"column":10}}]},"1":{"loc":{"start":{"line":69,"column":48},"end":{"line":69,"column":62}},"type":"default-arg","locations":[{"start":{"line":69,"column":57},"end":{"line":69,"column":62}}]},"2":{"loc":{"start":{"line":72,"column":6},"end":{"line":74,"column":null}},"type":"if","locations":[{"start":{"line":72,"column":6},"end":{"line":74,"column":null}}]},"3":{"loc":{"start":{"line":78,"column":6},"end":{"line":80,"column":null}},"type":"if","locations":[{"start":{"line":78,"column":6},"end":{"line":80,"column":null}}]}},"s":{"0":1,"1":1,"2":5,"3":5,"4":5,"5":5,"6":5,"7":5,"8":0,"9":5,"10":5,"11":5,"12":15,"13":17,"14":17,"15":2,"16":15,"17":15,"18":2,"19":1},"f":{"0":5,"1":5,"2":0,"3":5,"4":0,"5":0,"6":15,"7":17},"b":{"0":[0,5],"1":[5],"2":[2],"3":[2]}}
,"/Users/feiwu/code/github/mini-observer/src/utils.ts": {"path":"/Users/feiwu/code/github/mini-observer/src/utils.ts","statementMap":{"0":{"start":{"line":2,"column":2},"end":{"line":2,"column":56}},"1":{"start":{"line":1,"column":0},"end":{"line":1,"column":16}}},"fnMap":{"0":{"name":"isFunction","decl":{"start":{"line":1,"column":16},"end":{"line":1,"column":26}},"loc":{"start":{"line":1,"column":31},"end":{"line":3,"column":1}}}},"branchMap":{"0":{"loc":{"start":{"line":2,"column":9},"end":{"line":2,"column":55}},"type":"binary-expr","locations":[{"start":{"line":2,"column":9},"end":{"line":2,"column":35}},{"start":{"line":2,"column":39},"end":{"line":2,"column":55}}]}},"s":{"0":5,"1":1},"f":{"0":5},"b":{"0":[5,0]}}
}
