TN:
SF:src/index.ts
FN:18,(anonymous_0)
FN:25,(anonymous_1)
FN:35,(anonymous_2)
FN:43,(anonymous_3)
FN:50,(anonymous_4)
FN:51,(anonymous_5)
FN:69,(anonymous_6)
FN:70,(anonymous_7)
FNF:8
FNH:5
FNDA:5,(anonymous_0)
FNDA:5,(anonymous_1)
FNDA:0,(anonymous_2)
FNDA:5,(anonymous_3)
FNDA:0,(anonymous_4)
FNDA:0,(anonymous_5)
FNDA:15,(anonymous_6)
FNDA:17,(anonymous_7)
DA:1,1
DA:2,1
DA:16,5
DA:18,5
DA:26,5
DA:27,5
DA:33,5
DA:34,5
DA:35,0
DA:45,5
DA:47,5
DA:59,5
DA:70,15
DA:71,17
DA:72,17
DA:73,2
DA:76,15
DA:78,15
DA:79,2
DA:85,1
LF:20
LH:19
BRDA:47,0,0,0
BRDA:47,0,1,5
BRDA:69,1,0,5
BRDA:72,2,0,2
BRDA:78,3,0,2
BRF:5
BRH:4
end_of_record
TN:
SF:src/utils.ts
FN:1,isFunction
FNF:1
FNH:1
FNDA:5,isFunction
DA:1,1
DA:2,5
LF:2
LH:2
BRDA:2,0,0,5
BRDA:2,0,1,0
BRF:2
BRH:1
end_of_record
